Cannot Download this file!
Cannot Download this file!
SQLSTATE[42000]: Syntax error or access violation: 1064 You have an error in your SQL syntax; check the manual that corresponds to your MariaDB server version for the right syntax to use near '(`status`= 'like' , `updated_at` = '2022-10-25 04:38:50') WHERE `user_id` = '...' at line 1
SQLSTATE[42000]: Syntax error or access violation: 1064 You have an error in your SQL syntax; check the manual that corresponds to your MariaDB server version for the right syntax to use near '(`status`= 'disLike' , `updated_at` = '2022-10-25 04:38:51') WHERE `user_id` ...' at line 1
SQLSTATE[42000]: Syntax error or access violation: 1064 You have an error in your SQL syntax; check the manual that corresponds to your MariaDB server version for the right syntax to use near '(`status`= 'like' , `updated_at` = '2022-10-25 04:38:53') WHERE `user_id` = '...' at line 1
SQLSTATE[42000]: Syntax error or access violation: 1064 You have an error in your SQL syntax; check the manual that corresponds to your MariaDB server version for the right syntax to use near '(`status`= 'disLike' , `updated_at` = '2022-10-25 04:38:54') WHERE `user_id` ...' at line 1
SQLSTATE[42000]: Syntax error or access violation: 1064 You have an error in your SQL syntax; check the manual that corresponds to your MariaDB server version for the right syntax to use near '(`status`= 'like' , `updated_at` = '2022-10-25 04:40:03') WHERE `user_id` = '...' at line 1
SQLSTATE[42000]: Syntax error or access violation: 1064 You have an error in your SQL syntax; check the manual that corresponds to your MariaDB server version for the right syntax to use near '(`status`= 'disLike' , `updated_at` = '2022-10-25 04:40:38') WHERE `user_id` ...' at line 1
SQLSTATE[42000]: Syntax error or access violation: 1064 You have an error in your SQL syntax; check the manual that corresponds to your MariaDB server version for the right syntax to use near '(`status`= 'disLike' , `updated_at` = '2022-10-25 04:45:35') WHERE `user_id` ...' at line 1
SQLSTATE[HY093]: Invalid parameter number: number of bound variables does not match number of tokens
SQLSTATE[HY093]: Invalid parameter number: number of bound variables does not match number of tokens
SQLSTATE[HY093]: Invalid parameter number: number of bound variables does not match number of tokens
SQLSTATE[HY093]: Invalid parameter number: number of bound variables does not match number of tokens
SQLSTATE[HY093]: Invalid parameter number: number of bound variables does not match number of tokens
SQLSTATE[HY093]: Invalid parameter number: number of bound variables does not match number of tokens
SQLSTATE[HY093]: Invalid parameter number: number of bound variables does not match number of tokens
SQLSTATE[HY093]: Invalid parameter number: number of bound variables does not match number of tokens
SQLSTATE[HY093]: Invalid parameter number: number of bound variables does not match number of tokens
SQLSTATE[42000]: Syntax error or access violation: 1064 You have an error in your SQL syntax; check the manual that corresponds to your MariaDB server version for the right syntax to use near '(`status` = 'like' `updated_at` = '2022-10-25 04:58:30')  WHERE `user_id` = '...' at line 1
SQLSTATE[42000]: Syntax error or access violation: 1064 You have an error in your SQL syntax; check the manual that corresponds to your MariaDB server version for the right syntax to use near '(`status` = 'disLike' `updated_at` = '2022-10-25 05:01:20')  WHERE `user_id` ...' at line 1
SQLSTATE[42000]: Syntax error or access violation: 1064 You have an error in your SQL syntax; check the manual that corresponds to your MariaDB server version for the right syntax to use near '(`status` = 'disLike' `updated_at` = '2022-10-25 05:01:38')  WHERE `user_id` ...' at line 1
SQLSTATE[42000]: Syntax error or access violation: 1064 You have an error in your SQL syntax; check the manual that corresponds to your MariaDB server version for the right syntax to use near '(`status` = 'like' `updated_at` = '2022-10-25 05:02:33')  WHERE `user_id` = '...' at line 1
SQLSTATE[42000]: Syntax error or access violation: 1064 You have an error in your SQL syntax; check the manual that corresponds to your MariaDB server version for the right syntax to use near '(`status` = 'like' `updated_at` = '2022-10-25 05:02:33')  WHERE `user_id` = '...' at line 1
SQLSTATE[42000]: Syntax error or access violation: 1064 You have an error in your SQL syntax; check the manual that corresponds to your MariaDB server version for the right syntax to use near '(`status` = 'like' `updated_at` = '2022-10-25 05:02:36')  WHERE `user_id` = '...' at line 1
SQLSTATE[42000]: Syntax error or access violation: 1064 You have an error in your SQL syntax; check the manual that corresponds to your MariaDB server version for the right syntax to use near '(`status` = 'disLike' `updated_at` = '2022-10-25 05:02:38')  WHERE `user_id` ...' at line 1
SQLSTATE[42000]: Syntax error or access violation: 1064 You have an error in your SQL syntax; check the manual that corresponds to your MariaDB server version for the right syntax to use near '(`status` = 'like' `updated_at` = '2022-10-25 05:02:39')  WHERE `user_id` = '...' at line 1
SQLSTATE[42000]: Syntax error or access violation: 1064 You have an error in your SQL syntax; check the manual that corresponds to your MariaDB server version for the right syntax to use near '(`status` = 'disLike' `updated_at` = '2022-10-25 05:02:40')  WHERE `user_id` ...' at line 1
SQLSTATE[42000]: Syntax error or access violation: 1064 You have an error in your SQL syntax; check the manual that corresponds to your MariaDB server version for the right syntax to use near '(`status` = 'like' `updated_at` = '2022-10-25 05:02:41')  WHERE `user_id` = '...' at line 1
SQLSTATE[42000]: Syntax error or access violation: 1064 You have an error in your SQL syntax; check the manual that corresponds to your MariaDB server version for the right syntax to use near '(`status` = 'disLike' `updated_at` = '2022-10-25 05:02:41')  WHERE `user_id` ...' at line 1
SQLSTATE[42000]: Syntax error or access violation: 1064 You have an error in your SQL syntax; check the manual that corresponds to your MariaDB server version for the right syntax to use near '(`status` = 'like' `updated_at` = '2022-10-25 05:02:42')  WHERE `user_id` = '...' at line 1
SQLSTATE[42000]: Syntax error or access violation: 1064 You have an error in your SQL syntax; check the manual that corresponds to your MariaDB server version for the right syntax to use near '(`status` = 'disLike' `updated_at` = '2022-10-25 05:02:43')  WHERE `user_id` ...' at line 1
SQLSTATE[42000]: Syntax error or access violation: 1064 You have an error in your SQL syntax; check the manual that corresponds to your MariaDB server version for the right syntax to use near '(`status` = 'disLike' `updated_at` = '2022-10-25 05:02:43')  WHERE `user_id` ...' at line 1
SQLSTATE[42000]: Syntax error or access violation: 1064 You have an error in your SQL syntax; check the manual that corresponds to your MariaDB server version for the right syntax to use near '(`status` = 'disLike' `updated_at` = '2022-10-25 05:02:48')  WHERE `user_id` ...' at line 1
SQLSTATE[42000]: Syntax error or access violation: 1064 You have an error in your SQL syntax; check the manual that corresponds to your MariaDB server version for the right syntax to use near '(`status` = 'like' `updated_at` = '2022-10-25 05:02:59')  WHERE `user_id` = '...' at line 1
SQLSTATE[42000]: Syntax error or access violation: 1064 You have an error in your SQL syntax; check the manual that corresponds to your MariaDB server version for the right syntax to use near '(`status` = 'disLike' `updated_at` = '2022-10-25 05:03:01')  WHERE `user_id` ...' at line 1
SQLSTATE[42000]: Syntax error or access violation: 1064 You have an error in your SQL syntax; check the manual that corresponds to your MariaDB server version for the right syntax to use near '(`status` = 'disLike', `updated_at` = '2022-10-25 05:04:31')  WHERE `user_id`...' at line 1
SQLSTATE[42000]: Syntax error or access violation: 1064 You have an error in your SQL syntax; check the manual that corresponds to your MariaDB server version for the right syntax to use near '(`status` = 'like', `updated_at` = '2022-10-25 05:04:32')  WHERE `user_id` = ...' at line 1
SQLSTATE[42000]: Syntax error or access violation: 1064 You have an error in your SQL syntax; check the manual that corresponds to your MariaDB server version for the right syntax to use near '(`status` = 'disLike', `updated_at` = '2022-10-25 05:04:36')  WHERE `user_id`...' at line 1
SQLSTATE[42000]: Syntax error or access violation: 1064 You have an error in your SQL syntax; check the manual that corresponds to your MariaDB server version for the right syntax to use near '(`status` = 'like', `updated_at` = '2022-10-25 05:04:39')  WHERE `user_id` = ...' at line 1
SQLSTATE[42000]: Syntax error or access violation: 1064 You have an error in your SQL syntax; check the manual that corresponds to your MariaDB server version for the right syntax to use near '(`status` = 'disLike', `updated_at` = '2022-10-25 05:07:00')  WHERE (`user_id...' at line 1
SQLSTATE[42S02]: Base table or view not found: 1146 Table 'hsm.vptes' doesn't exist
